<?xml version="1.0" encoding="UTF-8"?>
<!-- Generated by org.testng.reporters.JUnitXMLReporter -->
<testsuite hostname="LPCL-PG02AB4M" ignored="0" name="chrome" tests="3" failures="0" timestamp="2021-12-23T15:03:58 GMT+05:30" time="104.249" errors="0">
  <testcase name="loginTest_1" time="12.53" classname="mu.testCases.TC_homesol_002"/>
  <testcase name="housesolutionTab_test" time="39.47" classname="mu.testCases.TC_homesol_002"/>
  <testcase name="Cart_test" time="18.862" classname="mu.testCases.TC_homesol_002"/>
</testsuite> <!-- chrome -->
