<?xml version="1.0" encoding="UTF-8"?>
<testng-results skipped="0" failed="0" ignored="0" total="2" passed="2">
  <reporter-output>
  </reporter-output>
  <suite name="test" duration-ms="78664" started-at="2021-12-23T13:34:09 GMT+05:30" finished-at="2021-12-23T13:35:28 GMT+05:30">
    <groups>
    </groups>
    <test name="FireFox" duration-ms="78664" started-at="2021-12-23T13:34:09 GMT+05:30" finished-at="2021-12-23T13:35:28 GMT+05:30">
      <class name="mu.testCases.TC_homesol_002">
        <test-method status="PASS" signature="setUp(java.lang.String)[pri:0, instance:mu.testCases.TC_homesol_002@f79e]" name="setUp" is-config="true" duration-ms="23021" started-at="2021-12-23T13:34:09 GMT+05:30" finished-at="2021-12-23T13:34:32 GMT+05:30">
          <params>
            <param index="0">
              <value>
                <![CDATA[FireFox]]>
              </value>
            </param>
          </params>
          <reporter-output>
          </reporter-output>
        </test-method> <!-- setUp -->
        <test-method status="PASS" signature="loginTest_1()[pri:1, instance:mu.testCases.TC_homesol_002@f79e]" name="loginTest_1" duration-ms="17410" started-at="2021-12-23T13:34:32 GMT+05:30" finished-at="2021-12-23T13:34:50 GMT+05:30">
          <reporter-output>
          </reporter-output>
        </test-method> <!-- loginTest_1 -->
        <test-method status="PASS" signature="screenshot(org.testng.ITestResult)[pri:0, instance:mu.testCases.TC_homesol_002@f79e]" name="screenshot" is-config="true" duration-ms="1" started-at="2021-12-23T13:34:50 GMT+05:30" finished-at="2021-12-23T13:34:50 GMT+05:30">
          <params>
            <param index="0">
              <value>
                <![CDATA[[TestResult name=loginTest_1 status=SUCCESS method=TC_homesol_002.loginTest_1()[pri:1, instance:mu.testCases.TC_homesol_002@f79e] output={null}]]]>
              </value>
            </param>
          </params>
          <reporter-output>
          </reporter-output>
        </test-method> <!-- screenshot -->
        <test-method status="PASS" signature="setUp(java.lang.String)[pri:0, instance:mu.testCases.TC_homesol_002@f79e]" name="setUp" is-config="true" duration-ms="23475" started-at="2021-12-23T13:34:50 GMT+05:30" finished-at="2021-12-23T13:35:13 GMT+05:30">
          <params>
            <param index="0">
              <value>
                <![CDATA[FireFox]]>
              </value>
            </param>
          </params>
          <reporter-output>
          </reporter-output>
        </test-method> <!-- setUp -->
        <test-method status="PASS" signature="housesolutionTab_test()[pri:2, instance:mu.testCases.TC_homesol_002@f79e]" name="housesolutionTab_test" duration-ms="14730" started-at="2021-12-23T13:35:13 GMT+05:30" finished-at="2021-12-23T13:35:28 GMT+05:30">
          <reporter-output>
          </reporter-output>
        </test-method> <!-- housesolutionTab_test -->
        <test-method status="PASS" signature="screenshot(org.testng.ITestResult)[pri:0, instance:mu.testCases.TC_homesol_002@f79e]" name="screenshot" is-config="true" duration-ms="0" started-at="2021-12-23T13:35:28 GMT+05:30" finished-at="2021-12-23T13:35:28 GMT+05:30">
          <params>
            <param index="0">
              <value>
                <![CDATA[[TestResult name=housesolutionTab_test status=SUCCESS method=TC_homesol_002.housesolutionTab_test()[pri:2, instance:mu.testCases.TC_homesol_002@f79e] output={null}]]]>
              </value>
            </param>
          </params>
          <reporter-output>
          </reporter-output>
        </test-method> <!-- screenshot -->
      </class> <!-- mu.testCases.TC_homesol_002 -->
    </test> <!-- FireFox -->
  </suite> <!-- test -->
</testng-results>
