<?xml version="1.0" encoding="UTF-8"?>
<testng-results skipped="0" failed="0" ignored="0" total="2" passed="2">
  <reporter-output>
  </reporter-output>
  <suite name="Netgeardemo" duration-ms="46503" started-at="2021-12-23T22:09:11 GMT+05:30" finished-at="2021-12-23T22:09:58 GMT+05:30">
    <groups>
    </groups>
    <test name="Firefox" duration-ms="29267" started-at="2021-12-23T22:09:11 GMT+05:30" finished-at="2021-12-23T22:09:40 GMT+05:30">
      <class name="mu.testCases.TC_Alogin_001">
        <test-method status="PASS" signature="setUp(java.lang.String)[pri:0, instance:mu.testCases.TC_Alogin_001@865dd6]" name="setUp" is-config="true" duration-ms="15776" started-at="2021-12-23T22:09:11 GMT+05:30" finished-at="2021-12-23T22:09:27 GMT+05:30">
          <params>
            <param index="0">
              <value>
                <![CDATA[firefox]]>
              </value>
            </param>
          </params>
          <reporter-output>
          </reporter-output>
        </test-method> <!-- setUp -->
        <test-method status="PASS" signature="loginTest_1()[pri:1, instance:mu.testCases.TC_Alogin_001@865dd6]" name="loginTest_1" duration-ms="13464" started-at="2021-12-23T22:09:27 GMT+05:30" finished-at="2021-12-23T22:09:40 GMT+05:30">
          <reporter-output>
          </reporter-output>
        </test-method> <!-- loginTest_1 -->
        <test-method status="PASS" signature="screenshot(org.testng.ITestResult)[pri:0, instance:mu.testCases.TC_Alogin_001@865dd6]" name="screenshot" is-config="true" duration-ms="1" started-at="2021-12-23T22:09:40 GMT+05:30" finished-at="2021-12-23T22:09:40 GMT+05:30">
          <params>
            <param index="0">
              <value>
                <![CDATA[[TestResult name=loginTest_1 status=SUCCESS method=TC_Alogin_001.loginTest_1()[pri:1, instance:mu.testCases.TC_Alogin_001@865dd6] output={null}]]]>
              </value>
            </param>
          </params>
          <reporter-output>
          </reporter-output>
        </test-method> <!-- screenshot -->
      </class> <!-- mu.testCases.TC_Alogin_001 -->
    </test> <!-- Firefox -->
    <test name="chrome" duration-ms="17222" started-at="2021-12-23T22:09:40 GMT+05:30" finished-at="2021-12-23T22:09:58 GMT+05:30">
      <class name="mu.testCases.TC_homesol_002">
        <test-method status="PASS" signature="setUp(java.lang.String)[pri:0, instance:mu.testCases.TC_homesol_002@6bedbc4d]" name="setUp" is-config="true" duration-ms="10257" started-at="2021-12-23T22:09:40 GMT+05:30" finished-at="2021-12-23T22:09:51 GMT+05:30">
          <params>
            <param index="0">
              <value>
                <![CDATA[chrome]]>
              </value>
            </param>
          </params>
          <reporter-output>
          </reporter-output>
        </test-method> <!-- setUp -->
        <test-method status="PASS" signature="housesolutionTab_test()[pri:3, instance:mu.testCases.TC_homesol_002@6bedbc4d]" name="housesolutionTab_test" duration-ms="6963" started-at="2021-12-23T22:09:51 GMT+05:30" finished-at="2021-12-23T22:09:57 GMT+05:30">
          <reporter-output>
          </reporter-output>
        </test-method> <!-- housesolutionTab_test -->
        <test-method status="PASS" signature="screenshot(org.testng.ITestResult)[pri:0, instance:mu.testCases.TC_homesol_002@6bedbc4d]" name="screenshot" is-config="true" duration-ms="0" started-at="2021-12-23T22:09:58 GMT+05:30" finished-at="2021-12-23T22:09:58 GMT+05:30">
          <params>
            <param index="0">
              <value>
                <![CDATA[[TestResult name=housesolutionTab_test status=SUCCESS method=TC_homesol_002.housesolutionTab_test()[pri:3, instance:mu.testCases.TC_homesol_002@6bedbc4d] output={null}]]]>
              </value>
            </param>
          </params>
          <reporter-output>
          </reporter-output>
        </test-method> <!-- screenshot -->
      </class> <!-- mu.testCases.TC_homesol_002 -->
    </test> <!-- chrome -->
  </suite> <!-- Netgeardemo -->
</testng-results>
