<?xml version="1.0" encoding="UTF-8"?>
<testng-results skipped="0" failed="0" ignored="0" total="1" passed="1">
  <reporter-output>
  </reporter-output>
  <suite name="test" duration-ms="25636" started-at="2021-12-17T14:29:37 GMT+05:30" finished-at="2021-12-17T14:30:03 GMT+05:30">
    <groups>
    </groups>
    <test name="chrome" duration-ms="25636" started-at="2021-12-17T14:29:37 GMT+05:30" finished-at="2021-12-17T14:30:03 GMT+05:30">
      <class name="mu.testCases.TC_homesol_002">
        <test-method status="PASS" signature="setUp(java.lang.String)[pri:0, instance:mu.testCases.TC_homesol_002@4da4253]" name="setUp" is-config="true" duration-ms="10047" started-at="2021-12-17T14:29:37 GMT+05:30" finished-at="2021-12-17T14:29:47 GMT+05:30">
          <params>
            <param index="0">
              <value>
                <![CDATA[chrome]]>
              </value>
            </param>
          </params>
          <reporter-output>
          </reporter-output>
        </test-method> <!-- setUp -->
        <test-method status="PASS" signature="homesol()[pri:0, instance:mu.testCases.TC_homesol_002@4da4253]" name="homesol" duration-ms="15558" started-at="2021-12-17T14:29:47 GMT+05:30" finished-at="2021-12-17T14:30:03 GMT+05:30">
          <reporter-output>
          </reporter-output>
        </test-method> <!-- homesol -->
      </class> <!-- mu.testCases.TC_homesol_002 -->
    </test> <!-- chrome -->
  </suite> <!-- test -->
</testng-results>
