<?xml version="1.0" encoding="UTF-8"?>
<!-- Generated by org.testng.reporters.JUnitXMLReporter -->
<testsuite hostname="LPCL-PG02AB4M" ignored="0" name="chrome(failed)" tests="1" failures="0" timestamp="2021-12-20T22:54:48 GMT+05:30" time="2.166" errors="0">
  <testcase name="@BeforeMethod setUp" time="2.136" classname="mu.testCases.TestBaseClass">
    <failure type="java.lang.NullPointerException" message="null value in entry: url=null">
      <![CDATA[java.lang.NullPointerException: null value in entry: url=null
at com.google.common.collect.CollectPreconditions.checkEntryNotNull(CollectPreconditions.java:32)
at com.google.common.collect.SingletonImmutableBiMap.<init>(SingletonImmutableBiMap.java:42)
at com.google.common.collect.ImmutableBiMap.of(ImmutableBiMap.java:72)
at com.google.common.collect.ImmutableMap.of(ImmutableMap.java:124)
at org.openqa.selenium.remote.RemoteWebDriver.get(RemoteWebDriver.java:277)
at mu.testCases.TestBaseClass.setUp(TestBaseClass.java:88)
at java.util.ArrayList.forEach(ArrayList.java:1257)
... Removed 31 stack frames]]>
    </failure>
  </testcase> <!-- @BeforeMethod setUp -->
  <testcase name="housesolutionTab_test" time="0.0" classname="mu.testCases.TC_homesol_002">
    <skipped/>
  </testcase> <!-- housesolutionTab_test -->
</testsuite> <!-- chrome(failed) -->
